[0.394s] Invoking command in '/home/allkg/demo_robotics/src/simple_navigation_project': PYTHONPATH=/home/allkg/demo_robotics/src/build/simple_navigation_project/prefix_override:/usr/lib/python3/dist-packages/colcon_core/task/python/colcon_distutils_commands:/home/allkg/demo_robotics/src/install/simple_navigation_project/lib/python3.10/site-packages:${PYTHONPATH} /usr/bin/python3 -W ignore:setup.py install is deprecated -W ignore:easy_install command is deprecated setup.py egg_info --egg-base ../build/simple_navigation_project build --build-base /home/allkg/demo_robotics/src/build/simple_navigation_project/build install --record /home/allkg/demo_robotics/src/build/simple_navigation_project/install.log --single-version-externally-managed install_data
[0.546s] running egg_info
[0.546s] writing ../build/simple_navigation_project/simple_navigation_project.egg-info/PKG-INFO
[0.546s] writing dependency_links to ../build/simple_navigation_project/simple_navigation_project.egg-info/dependency_links.txt
[0.546s] writing entry points to ../build/simple_navigation_project/simple_navigation_project.egg-info/entry_points.txt
[0.546s] writing requirements to ../build/simple_navigation_project/simple_navigation_project.egg-info/requires.txt
[0.546s] writing top-level names to ../build/simple_navigation_project/simple_navigation_project.egg-info/top_level.txt
[0.547s] reading manifest file '../build/simple_navigation_project/simple_navigation_project.egg-info/SOURCES.txt'
[0.548s] writing manifest file '../build/simple_navigation_project/simple_navigation_project.egg-info/SOURCES.txt'
[0.548s] running build
[0.548s] running build_py
[0.549s] copying simple_navigation_project/obstacle_avoider.py -> /home/allkg/demo_robotics/src/build/simple_navigation_project/build/lib/simple_navigation_project
[0.549s] running install
[0.549s] running install_lib
[0.549s] copying /home/allkg/demo_robotics/src/build/simple_navigation_project/build/lib/simple_navigation_project/obstacle_avoider.py -> /home/allkg/demo_robotics/src/install/simple_navigation_project/lib/python3.10/site-packages/simple_navigation_project
[0.549s] byte-compiling /home/allkg/demo_robotics/src/install/simple_navigation_project/lib/python3.10/site-packages/simple_navigation_project/obstacle_avoider.py to obstacle_avoider.cpython-310.pyc
[0.550s] running install_data
[0.550s] running install_egg_info
[0.551s] removing '/home/allkg/demo_robotics/src/install/simple_navigation_project/lib/python3.10/site-packages/simple_navigation_project-0.0.0-py3.10.egg-info' (and everything under it)
[0.551s] Copying ../build/simple_navigation_project/simple_navigation_project.egg-info to /home/allkg/demo_robotics/src/install/simple_navigation_project/lib/python3.10/site-packages/simple_navigation_project-0.0.0-py3.10.egg-info
[0.551s] running install_scripts
[0.565s] Installing obstacle_avoider script to /home/allkg/demo_robotics/src/install/simple_navigation_project/lib/simple_navigation_project
[0.565s] writing list of installed files to '/home/allkg/demo_robotics/src/build/simple_navigation_project/install.log'
[0.580s] Invoked command in '/home/allkg/demo_robotics/src/simple_navigation_project' returned '0': PYTHONPATH=/home/allkg/demo_robotics/src/build/simple_navigation_project/prefix_override:/usr/lib/python3/dist-packages/colcon_core/task/python/colcon_distutils_commands:/home/allkg/demo_robotics/src/install/simple_navigation_project/lib/python3.10/site-packages:${PYTHONPATH} /usr/bin/python3 -W ignore:setup.py install is deprecated -W ignore:easy_install command is deprecated setup.py egg_info --egg-base ../build/simple_navigation_project build --build-base /home/allkg/demo_robotics/src/build/simple_navigation_project/build install --record /home/allkg/demo_robotics/src/build/simple_navigation_project/install.log --single-version-externally-managed install_data
